\o Program:		@(#)$CDS: libManager version 6.1.7 - CAT35 07/19/2018 21:10 (sjfnl053) $
\o Sub version:		sub-version  s221 
\o Arguments:		-mpssession virtuoso1025910 -mpshost alfred.ece.northwestern.edu 
\o Working Directory:	alfred.ece.northwestern.edu:/vol/eecs392/projects/2022/low_power_SRAM/cadence
\o 64-bit offsets
\o Qt version: 		4.8.5
\o Log file is "/vol/eecs392/projects/2022/low_power_SRAM/cadence/libManager.log".
\o Opening libManager window.
\a nrSetCurrentWindow(cdsLibManager)
\a nrResizeWindow(cdsLibManager list(315 38 602 553))
\o changeWorkingDir("/vol/eecs392/projects/2022/low_power_SRAM/cadence") unnecessary.
\o ddSetForcedLib("") unnecessary.
\o MPS service: map window
\o Library Manager customization server connected.
\a cdsLibManager->FileNewLibButton->value = t
\a nrSetWindowVisibility(NewLibShell "show")
\a NewLibShell->QLineEdit2->value = "/vol/eecs392/projects/2022/low_power_SRAM/cadence/"
\a nrSetCurrentWindow(NewLibShell)
\a nrSetCurrentWindow(NewLibShell->subDialog)
\a nrResizeWindow(NewLibShell list(363 36 507 559))
\a NewLibShell->newLibNameText->value = "low_power_SRAM"
\a NewLibShell->newLibOKButton->value = t
\a NewLibShell->subDialog->value = '("/vol/eecs392/projects/2022/low_power_SRAM/cadence" "/vol/eecs392/projects/2022/low_power_SRAM/cadence/")
\a nrSetWindowVisibility(workingDialogForm "show")
\a nrSetCurrentWindow(workingDialogForm)
\o Created new library "low_power_SRAM" at /vol/eecs392/projects/2022/low_power_SRAM/cadence/low_power_SRAM.
\a nrSetCurrentWindow(cdsLibManager)
\a nrResizeWindow(workingDialogForm list(458 186 336 133))
\a nrSetCurrentWindow(cdsLibManager)
\a nrSetCurrentWindow(cdsLibManager)
\a cdsLibManager->libListBox->value = "low_power_SRAM"
\a cdsLibManager->libLineEdit->value = "low_power_SRAM"
\a _lmgrCloseIconify("cdsLibManager" 1)
\o MPS service: shutdown
\o libManager is exiting.
\a nrSetWindowVisibility(cdsLibManager "hide")
\a exit(0)
